<?xml version="1.0" encoding="UTF-8"?>
<testng-results skipped="0" failed="0" ignored="0" total="2" passed="2">
  <reporter-output>
  </reporter-output>
  <suite name="All Test Suite" duration-ms="4055" started-at="2020-08-03T12:36:06Z" finished-at="2020-08-03T12:36:10Z">
    <groups>
    </groups>
    <test name="F:/Workspace/RestAPI/src/test/java/ReqresTest.java" duration-ms="4055" started-at="2020-08-03T12:36:06Z" finished-at="2020-08-03T12:36:10Z">
      <class name="ReqresTest">
        <test-method status="PASS" signature="setup()[pri:0, instance:ReqresTest@ccb4b1b]" name="setup" is-config="true" duration-ms="107" started-at="2020-08-03T12:36:06Z" finished-at="2020-08-03T12:36:06Z">
          <reporter-output>
          </reporter-output>
        </test-method> <!-- setup -->
        <test-method status="PASS" signature="Test_01()[pri:0, instance:ReqresTest@ccb4b1b]" name="Test_01" duration-ms="2769" started-at="2020-08-03T12:36:06Z" finished-at="2020-08-03T12:36:09Z">
          <reporter-output>
          </reporter-output>
        </test-method> <!-- Test_01 -->
        <test-method status="PASS" signature="Test_02()[pri:0, instance:ReqresTest@ccb4b1b]" name="Test_02" duration-ms="951" started-at="2020-08-03T12:36:09Z" finished-at="2020-08-03T12:36:10Z">
          <reporter-output>
          </reporter-output>
        </test-method> <!-- Test_02 -->
      </class> <!-- ReqresTest -->
    </test> <!-- F:/Workspace/RestAPI/src/test/java/ReqresTest.java -->
  </suite> <!-- All Test Suite -->
</testng-results>
